<?xml version="1.0" encoding="UTF-8"?>
<testsuite name="parqueadero.ceiba.parqueadero.ceiba.ParqueaderoTest" tests="1" skipped="0" failures="0" errors="0" timestamp="2018-05-08T14:09:42" hostname="YEISON-GOMEZ" time="0.004">
  <properties/>
  <testcase name="test" classname="parqueadero.ceiba.parqueadero.ceiba.ParqueaderoTest" time="0.004"/>
  <system-out><![CDATA[]]></system-out>
  <system-err><![CDATA[]]></system-err>
</testsuite>
